<?xml version="1.0" encoding="UTF-8" standalone="no"?>
<!DOCTYPE log SYSTEM "logger.dtd">
<log>
</log>

dez. 14, 2024 8:10:28 AM LoggerTest configurarLogger
INFO: Logger configurado com sucesso!
dez. 14, 2024 8:10:28 AM LoggerTest setup
INFO: Setup inicial concluído: Catalogo e Pedido criados.
dez. 14, 2024 8:10:28 AM LoggerTest testeAdicionarProdutosAoCatalogo
INFO: Iniciando teste: testeAdicionarProdutosAoCatalogo
dez. 14, 2024 8:10:30 AM LoggerTest testeAdicionarProdutosAoCatalogo
INFO: Criando produtos: Produto 1 e Produto 2.
dez. 14, 2024 8:10:30 AM LoggerTest testeAdicionarProdutosAoCatalogo
INFO: Produto 1 adicionado ao catálogo.
dez. 14, 2024 8:10:30 AM LoggerTest testeAdicionarProdutosAoCatalogo
INFO: Produto 2 adicionado ao catálogo.
dez. 14, 2024 8:10:30 AM LoggerTest testeAdicionarProdutosAoCatalogo
INFO: Produtos encontrados no catálogo com sucesso.
dez. 14, 2024 8:10:30 AM LoggerTest setup
INFO: Setup inicial concluído: Catalogo e Pedido criados.
dez. 14, 2024 8:10:30 AM LoggerTest testeCalcularTotalPedidoSemDesconto
INFO: Iniciando teste: testeCalcularTotalPedidoSemDesconto
dez. 14, 2024 8:10:30 AM LoggerTest testeCalcularTotalPedidoSemDesconto
INFO: Produto adicionado ao pedido.
dez. 14, 2024 8:10:30 AM LoggerTest testeCalcularTotalPedidoSemDesconto
INFO: Total do pedido calculado (sem desconto): 50.0
dez. 14, 2024 8:10:30 AM LoggerTest setup
INFO: Setup inicial concluído: Catalogo e Pedido criados.
dez. 14, 2024 8:10:30 AM LoggerTest testeCriarPedidoComMultiplosProdutos
INFO: Iniciando teste: testeCriarPedidoComMultiplosProdutos
dez. 14, 2024 8:10:30 AM LoggerTest testeCriarPedidoComMultiplosProdutos
INFO: Adicionando produtos ao pedido: Produto 1 e Produto 2.
dez. 14, 2024 8:10:30 AM LoggerTest testeCriarPedidoComMultiplosProdutos
INFO: Produto 1 adicionado ao pedido.
dez. 14, 2024 8:10:30 AM LoggerTest testeCriarPedidoComMultiplosProdutos
INFO: Produto 2 adicionado ao pedido.
dez. 14, 2024 8:10:30 AM LoggerTest testeCriarPedidoComMultiplosProdutos
INFO: Produtos verificados no pedido com sucesso.
dez. 14, 2024 8:10:30 AM LoggerTest setup
INFO: Setup inicial concluído: Catalogo e Pedido criados.
dez. 14, 2024 8:10:30 AM LoggerTest testeCalcularTotalPedidoComDesconto
INFO: Iniciando teste: testeCalcularTotalPedidoComDesconto
dez. 14, 2024 8:10:30 AM LoggerTest testeCalcularTotalPedidoComDesconto
INFO: Produto 1 adicionado ao pedido.
dez. 14, 2024 8:10:30 AM LoggerTest testeCalcularTotalPedidoComDesconto
INFO: Produto 2 adicionado ao pedido.
dez. 14, 2024 8:10:30 AM LoggerTest testeCalcularTotalPedidoComDesconto
INFO: Total do pedido calculado (com desconto): 112.5

